<?xml version="1.0" encoding="UTF-8" ?>
<testsuite tests="1" failures="0" name="runner.Runner" time="61.449" errors="1" skipped="0">
  <properties>
[...]
</properties>
  <testcase classname="Validar opcoes da mercedes" name="Testar iframe na pagina da mercedes" time="61.449">
    <error message="Could not initialize class org.openqa.selenium.WebDriverException" type="java.lang.NoClassDefFoundError">java.lang.NoClassDefFoundError: Could not initialize class org.openqa.selenium.WebDriverException
	at java.base/jdk.internal.reflect.NativeConstructorAccessorImpl.newInstance0(Native Method)
	at java.base/jdk.internal.reflect.NativeConstructorAccessorImpl.newInstance(NativeConstructorAccessorImpl.java:64)
	at java.base/jdk.internal.reflect.DelegatingConstructorAccessorImpl.newInstance(DelegatingConstructorAccessorImpl.java:45)
	at java.base/java.lang.reflect.Constructor.newInstanceWithCaller(Constructor.java:500)
	at java.base/java.lang.reflect.Constructor.newInstance(Constructor.java:481)
	at org.openqa.selenium.remote.codec.w3c.W3CHttpResponseCodec.createException(W3CHttpResponseCodec.java:196)
	at org.openqa.selenium.remote.codec.w3c.W3CHttpResponseCodec.decode(W3CHttpResponseCodec.java:129)
	at org.openqa.selenium.remote.codec.w3c.W3CHttpResponseCodec.decode(W3CHttpResponseCodec.java:53)
	at org.openqa.selenium.remote.HttpCommandExecutor.execute(HttpCommandExecutor.java:167)
	at org.openqa.selenium.remote.service.DriverCommandExecutor.execute(DriverCommandExecutor.java:123)
	at org.openqa.selenium.remote.RemoteWebDriver.execute(RemoteWebDriver.java:501)
	at org.openqa.selenium.remote.RemoteWebDriver.executeScript(RemoteWebDriver.java:436)
	at selenium.pages.MercedesPage.selecionarCombustivelDiesel(MercedesPage.java:50)
	at selenium.pages.MercedesSteps.lambda$new$3(MercedesSteps.java:43)
	at ✽.filtrar por combustivel disel(file:src/test/resources/features/mercedes.feature:9)
</error>
    <system-out>@mercedes
Funcionalidade: Validar opcoes da mercedes

  @mercedes
  Cenario: Testar iframe na pagina da mercedes                    &amp;#27;[90m# src/test/resources/features/mercedes.feature:5&amp;#27;[0m
----DRIVER: FirefoxDriver: firefox on MAC (f69b2029-3547-864f-8b98-1a3a9dbd92df)
----DRIVER: FirefoxDriver: firefox on MAC (f69b2029-3547-864f-8b98-1a3a9dbd92df)
    &amp;#27;[32mDado &amp;#27;[0m&amp;#27;[32mque eu acesse a pagina da mercedes e click em hatchbacks&amp;#27;[0m &amp;#27;[90m# MercedesSteps.java:28&amp;#27;[0m
    &amp;#27;[32mQuando &amp;#27;[0m&amp;#27;[32mselecionar o modelo A-class&amp;#27;[0m                            &amp;#27;[90m# MercedesSteps.java:34&amp;#27;[0m
    &amp;#27;[32mE &amp;#27;[0m&amp;#27;[32mselecionar a opcao build your car&amp;#27;[0m                           &amp;#27;[90m# MercedesSteps.java:38&amp;#27;[0m
    &amp;#27;[31mE &amp;#27;[0m&amp;#27;[31mfiltrar por combustivel disel&amp;#27;[0m                               &amp;#27;[90m# MercedesSteps.java:42&amp;#27;[0m
      &amp;#27;[31mjava.lang.NoClassDefFoundError: Could not initialize class org.openqa.selenium.WebDriverException
	at java.base/jdk.internal.reflect.NativeConstructorAccessorImpl.newInstance0(Native Method)
	at java.base/jdk.internal.reflect.NativeConstructorAccessorImpl.newInstance(NativeConstructorAccessorImpl.java:64)
	at java.base/jdk.internal.reflect.DelegatingConstructorAccessorImpl.newInstance(DelegatingConstructorAccessorImpl.java:45)
	at java.base/java.lang.reflect.Constructor.newInstanceWithCaller(Constructor.java:500)
	at java.base/java.lang.reflect.Constructor.newInstance(Constructor.java:481)
	at org.openqa.selenium.remote.codec.w3c.W3CHttpResponseCodec.createException(W3CHttpResponseCodec.java:196)
	at org.openqa.selenium.remote.codec.w3c.W3CHttpResponseCodec.decode(W3CHttpResponseCodec.java:129)
	at org.openqa.selenium.remote.codec.w3c.W3CHttpResponseCodec.decode(W3CHttpResponseCodec.java:53)
	at org.openqa.selenium.remote.HttpCommandExecutor.execute(HttpCommandExecutor.java:167)
	at org.openqa.selenium.remote.service.DriverCommandExecutor.execute(DriverCommandExecutor.java:123)
	at org.openqa.selenium.remote.RemoteWebDriver.execute(RemoteWebDriver.java:501)
	at org.openqa.selenium.remote.RemoteWebDriver.executeScript(RemoteWebDriver.java:436)
	at selenium.pages.MercedesPage.selecionarCombustivelDiesel(MercedesPage.java:50)
	at selenium.pages.MercedesSteps.lambda$new$3(MercedesSteps.java:43)
	at ✽.filtrar por combustivel disel(file:src/test/resources/features/mercedes.feature:9)
&amp;#27;[0m
    &amp;#27;[36mEntão &amp;#27;[0m&amp;#27;[36mcrio e salvo o print&amp;#27;[0m                                    &amp;#27;[90m# MercedesSteps.java:47&amp;#27;[0m
</system-out>
    <system-err>mai. 30, 2021 9:01:29 AM cucumber.runtime.filter.TagExpressionOld isOldTagExpression
ADVERTÊNCIA: Found tags option &apos;@mercedes, @mercedesUK, @mercedesSA&apos;. Support for &apos;@tag1,@tag2&apos; will be removed from the next release of Cucumber-JVM. Please use &apos;@tag or @tag2&apos; instead
SLF4J: Failed to load class &quot;org.slf4j.impl.StaticLoggerBinder&quot;.
SLF4J: Defaulting to no-operation (NOP) logger implementation
SLF4J: See http://www.slf4j.org/codes.html#StaticLoggerBinder for further details.
1622376091332	geckodriver	INFO	Listening on 127.0.0.1:15791
1622376092962	mozrunner::runner	INFO	Running command: &quot;/Applications/Firefox.app/Contents/MacOS/firefox-bin&quot; &quot;--marionette&quot; &quot;-foreground&quot; &quot;-no-remote&quot; &quot;-profile&quot; &quot;/var/folders/7q/mfp5hh_d3fsg32lf4642fd5h0000gn/T/rust_mozprofileUCYEFS&quot;
1622376098179	Marionette	INFO	Marionette enabled
console.warn: SearchSettings: &quot;get: No settings file exists, new profile?&quot; (new Error(&quot;&quot;, &quot;(unknown module)&quot;))
1622376101214	Marionette	INFO	Listening on port 57657
1622376101294	Marionette	WARN	TLS certificate errors will be ignored for this session
mai. 30, 2021 9:01:41 AM org.openqa.selenium.remote.ProtocolHandshake createSession
INFORMAÇÕES: Detected dialect: W3C
JavaScript error: https://www.mercedes-benz.co.uk/etc/designs/embxp-wholesale/components.0.20210519121010.min.js, line 348: TypeError: w[u] is undefined
JavaScript error: , line 0: TypeError: NetworkError when attempting to fetch resource.
JavaScript error: https://www.mercedes-benz.co.uk/bin/daimler/public/blank.html line 43 &gt; injectedScript, line 3: ReferenceError: $ is not defined
JavaScript error: resource://gre/modules/XULStore.jsm, line 66: Error: Can&apos;t find profile directory.
JavaScript error: resource://gre/modules/XULStore.jsm, line 66: Error: Can&apos;t find profile directory.
</system-err>
  </testcase>
</testsuite>